# JRE version: Java(TM) SE Runtime Environment (17.0.8+9) (build 17.0.8+9-LTS-211)
# Java VM: Java HotSpot(TM) 64-Bit Server VM (17.0.8+9-LTS-211, mixed mode, sharing, tiered, compressed oops, compressed class ptrs, g1 gc, bsd-aarch64)
GC Precious Log:
 CPUs: 12 total, 12 available
 Memory: 32768M
 Large Page Support: Disabled
 NUMA Support: Disabled
 Compressed Oops: Enabled (Zero based)
 Heap Region Size: 4M
 Heap Min Capacity: 8M
 Heap Initial Capacity: 512M
 Heap Max Capacity: 8G
 Pre-touch: Disabled
 Parallel Workers: 10
 Concurrent Workers: 3
 Concurrent Refinement Workers: 10
 Periodic GC: Disabled
Heap:
 garbage-first heap   total 532480K, used 253695K [0x0000000600000000, 0x0000000800000000)
  region size 4096K, 41 young (167936K), 2 survivors (8192K)
 Metaspace       used 1517K, committed 1664K, reserved 1114112K
  class space    used 113K, committed 192K, reserved 1048576K
GC Heap History (20 events):
Event: 64.203 GC heap before
{Heap before GC invocations=4 (full 0):
 garbage-first heap   total 532480K, used 401156K [0x0000000600000000, 0x0000000800000000)
  region size 4096K, 76 young (311296K), 2 survivors (8192K)
 Metaspace       used 1398K, committed 1536K, reserved 1114112K
  class space    used 112K, committed 192K, reserved 1048576K
}
Event: 64.203 GC heap after
{Heap after GC invocations=5 (full 0):
 garbage-first heap   total 532480K, used 97968K [0x0000000600000000, 0x0000000800000000)
  region size 4096K, 2 young (8192K), 2 survivors (8192K)
 Metaspace       used 1398K, committed 1536K, reserved 1114112K
  class space    used 112K, committed 192K, reserved 1048576K
}
Event: 82.987 GC heap before
{Heap before GC invocations=5 (full 0):
 garbage-first heap   total 532480K, used 401072K [0x0000000600000000, 0x0000000800000000)
  region size 4096K, 76 young (311296K), 2 survivors (8192K)
 Metaspace       used 1404K, committed 1536K, reserved 1114112K
  class space    used 112K, committed 192K, reserved 1048576K
}
Event: 82.988 GC heap after
{Heap after GC invocations=6 (full 0):
 garbage-first heap   total 532480K, used 98129K [0x0000000600000000, 0x0000000800000000)
  region size 4096K, 2 young (8192K), 2 survivors (8192K)
 Metaspace       used 1404K, committed 1536K, reserved 1114112K
  class space    used 112K, committed 192K, reserved 1048576K
}
Event: 108.131 GC heap before
{Heap before GC invocations=6 (full 0):
 garbage-first heap   total 532480K, used 401233K [0x0000000600000000, 0x0000000800000000)
  region size 4096K, 76 young (311296K), 2 survivors (8192K)
 Metaspace       used 1410K, committed 1536K, reserved 1114112K
  class space    used 112K, committed 192K, reserved 1048576K
}
Event: 108.132 GC heap after
{Heap after GC invocations=7 (full 0):
 garbage-first heap   total 532480K, used 98247K [0x0000000600000000, 0x0000000800000000)
  region size 4096K, 2 young (8192K), 2 survivors (8192K)
 Metaspace       used 1410K, committed 1536K, reserved 1114112K
  class space    used 112K, committed 192K, reserved 1048576K
}
Event: 133.523 GC heap before
{Heap before GC invocations=7 (full 0):
 garbage-first heap   total 532480K, used 401351K [0x0000000600000000, 0x0000000800000000)
  region size 4096K, 76 young (311296K), 2 survivors (8192K)
 Metaspace       used 1413K, committed 1536K, reserved 1114112K
  class space    used 112K, committed 192K, reserved 1048576K
}
Event: 133.524 GC heap after
{Heap after GC invocations=8 (full 0):
 garbage-first heap   total 532480K, used 95074K [0x0000000600000000, 0x0000000800000000)
  region size 4096K, 1 young (4096K), 1 survivors (4096K)
 Metaspace       used 1413K, committed 1536K, reserved 1114112K
  class space    used 112K, committed 192K, reserved 1048576K
}
Event: 154.772 GC heap before
{Heap before GC invocations=8 (full 0):
 garbage-first heap   total 532480K, used 402274K [0x0000000600000000, 0x0000000800000000)
  region size 4096K, 76 young (311296K), 1 survivors (4096K)
 Metaspace       used 1429K, committed 1600K, reserved 1114112K
  class space    used 112K, committed 192K, reserved 1048576K
}
Event: 154.773 GC heap after
{Heap after GC invocations=9 (full 0):
 garbage-first heap   total 532480K, used 97847K [0x0000000600000000, 0x0000000800000000)
  region size 4096K, 2 young (8192K), 2 survivors (8192K)
 Metaspace       used 1429K, committed 1600K, reserved 1114112K
  class space    used 112K, committed 192K, reserved 1048576K
}
Event: 199.291 GC heap before
{Heap before GC invocations=9 (full 0):
 garbage-first heap   total 532480K, used 400951K [0x0000000600000000, 0x0000000800000000)
  region size 4096K, 76 young (311296K), 2 survivors (8192K)
 Metaspace       used 1434K, committed 1600K, reserved 1114112K
  class space    used 112K, committed 192K, reserved 1048576K
}
Event: 199.291 GC heap after
{Heap after GC invocations=10 (full 0):
 garbage-first heap   total 532480K, used 97973K [0x0000000600000000, 0x0000000800000000)
  region size 4096K, 2 young (8192K), 2 survivors (8192K)
 Metaspace       used 1434K, committed 1600K, reserved 1114112K
  class space    used 112K, committed 192K, reserved 1048576K
}
Event: 221.225 GC heap before
{Heap before GC invocations=10 (full 0):
 garbage-first heap   total 532480K, used 401077K [0x0000000600000000, 0x0000000800000000)
  region size 4096K, 76 young (311296K), 2 survivors (8192K)
 Metaspace       used 1440K, committed 1600K, reserved 1114112K
  class space    used 112K, committed 192K, reserved 1048576K
}
Event: 221.226 GC heap after
{Heap after GC invocations=11 (full 0):
 garbage-first heap   total 532480K, used 98205K [0x0000000600000000, 0x0000000800000000)
  region size 4096K, 2 young (8192K), 2 survivors (8192K)
 Metaspace       used 1440K, committed 1600K, reserved 1114112K
  class space    used 112K, committed 192K, reserved 1048576K
}
Event: 240.183 GC heap before
{Heap before GC invocations=11 (full 0):
 garbage-first heap   total 532480K, used 401309K [0x0000000600000000, 0x0000000800000000)
  region size 4096K, 76 young (311296K), 2 survivors (8192K)
 Metaspace       used 1444K, committed 1600K, reserved 1114112K
  class space    used 112K, committed 192K, reserved 1048576K
}
Event: 240.184 GC heap after
{Heap after GC invocations=12 (full 0):
 garbage-first heap   total 532480K, used 98241K [0x0000000600000000, 0x0000000800000000)
  region size 4096K, 2 young (8192K), 2 survivors (8192K)
 Metaspace       used 1444K, committed 1600K, reserved 1114112K
  class space    used 112K, committed 192K, reserved 1048576K
}
Event: 258.534 GC heap before
{Heap before GC invocations=12 (full 0):
 garbage-first heap   total 532480K, used 401345K [0x0000000600000000, 0x0000000800000000)
  region size 4096K, 76 young (311296K), 2 survivors (8192K)
 Metaspace       used 1462K, committed 1600K, reserved 1114112K
  class space    used 112K, committed 192K, reserved 1048576K
}
Event: 258.535 GC heap after
{Heap after GC invocations=13 (full 0):
 garbage-first heap   total 532480K, used 98046K [0x0000000600000000, 0x0000000800000000)
  region size 4096K, 2 young (8192K), 2 survivors (8192K)
 Metaspace       used 1462K, committed 1600K, reserved 1114112K
  class space    used 112K, committed 192K, reserved 1048576K
}
Event: 282.106 GC heap before
{Heap before GC invocations=13 (full 0):
 garbage-first heap   total 532480K, used 401150K [0x0000000600000000, 0x0000000800000000)
  region size 4096K, 76 young (311296K), 2 survivors (8192K)
 Metaspace       used 1477K, committed 1600K, reserved 1114112K
  class space    used 112K, committed 192K, reserved 1048576K
}
Event: 282.107 GC heap after
{Heap after GC invocations=14 (full 0):
 garbage-first heap   total 532480K, used 98047K [0x0000000600000000, 0x0000000800000000)
  region size 4096K, 2 young (8192K), 2 survivors (8192K)
 Metaspace       used 1477K, committed 1600K, reserved 1114112K
  class space    used 112K, committed 192K, reserved 1048576K
}

